<?xml version="1.0" encoding="UTF-8"?>
<!-- Generated by org.testng.reporters.JUnitXMLReporter -->
<testsuite ignored="0" hostname="DESKTOP-F5OTFUN" failures="0" tests="17" name="Default test" time="66.902" errors="0" timestamp="2024-04-06T17:11:14 IST">
  <testcase classname="com.ictld.tests.TestldMain" name="TC_LP_01" time="0.053"/>
  <testcase classname="com.ictld.tests.TestldMain" name="TC_TH_01" time="4.046"/>
  <testcase classname="com.ictld.tests.TestldMain" name="TC_TH_02" time="3.659"/>
  <testcase classname="com.ictld.tests.TestldMain" name="TC_TH_03" time="3.788"/>
  <testcase classname="com.ictld.tests.TestldMain" name="TC_LD_01" time="0.484"/>
  <testcase classname="com.ictld.tests.TestldMain" name="TC_LD_02" time="5.165"/>
  <testcase classname="com.ictld.tests.TestldMain" name="TC_LD_03" time="7.816"/>
  <testcase classname="com.ictld.tests.TestldMain" name="TC_LD_04" time="0.114"/>
  <testcase classname="com.ictld.tests.TestldMain" name="TC_PO_01" time="3.731"/>
  <testcase classname="com.ictld.tests.TestldMain" name="TC_PO_02" time="4.804"/>
  <testcase classname="com.ictld.tests.TestldMain" name="TC_PO_03" time="4.815"/>
  <testcase classname="com.ictld.tests.TestldMain" name="TC_LDP_01" time="3.153"/>
  <testcase classname="com.ictld.tests.TestldMain" name="TC_LDP_02" time="7.762"/>
  <testcase classname="com.ictld.tests.TestldMain" name="TC_LDP_03" time="5.481"/>
  <testcase classname="com.ictld.tests.TestldMain" name="TC_LDP_04" time="6.006"/>
  <testcase classname="com.ictld.tests.TestldMain" name="TC_LDP_05" time="0.142"/>
  <testcase classname="com.ictld.tests.TestldMain" name="TC_AA_01" time="2.541"/>
</testsuite> <!-- Default test -->
